Traceback (most recent call last):
  File "<frozen runpy>", line 198, in _run_module_as_main
  File "<frozen runpy>", line 88, in _run_code
  File "C:\Users\Owner\Documents\ClaudeHackNJIT\heirbloom\.venv\Lib\site-packages\uvicorn\__main__.py", line 4, in <module>
    uvicorn.main()
  File "C:\Users\Owner\Documents\ClaudeHackNJIT\heirbloom\.venv\Lib\site-packages\click\core.py", line 1514, in __call__
    return self.main(*args, **kwargs)
           ^^^^^^^^^^^^^^^^^^^^^^^^^^
  File "C:\Users\Owner\Documents\ClaudeHackNJIT\heirbloom\.venv\Lib\site-packages\click\core.py", line 1435, in main
    rv = self.invoke(ctx)
         ^^^^^^^^^^^^^^^^
  File "C:\Users\Owner\Documents\ClaudeHackNJIT\heirbloom\.venv\Lib\site-packages\click\core.py", line 1298, in invoke
    return ctx.invoke(self.callback, **ctx.params)
           ^^^^^^^^^^^^^^^^^^^^^^^^^^^^^^^^^^^^^^^
  File "C:\Users\Owner\Documents\ClaudeHackNJIT\heirbloom\.venv\Lib\site-packages\click\core.py", line 853, in invoke
    return callback(*args, **kwargs)
           ^^^^^^^^^^^^^^^^^^^^^^^^^
  File "C:\Users\Owner\Documents\ClaudeHackNJIT\heirbloom\.venv\Lib\site-packages\uvicorn\main.py", line 412, in main
    run(
  File "C:\Users\Owner\Documents\ClaudeHackNJIT\heirbloom\.venv\Lib\site-packages\uvicorn\main.py", line 579, in run
    server.run()
  File "C:\Users\Owner\Documents\ClaudeHackNJIT\heirbloom\.venv\Lib\site-packages\uvicorn\server.py", line 65, in run
    return asyncio.run(self.serve(sockets=sockets))
           ^^^^^^^^^^^^^^^^^^^^^^^^^^^^^^^^^^^^^^^^
  File "C:\Program Files\Python312\Lib\asyncio\runners.py", line 194, in run
    return runner.run(main)
           ^^^^^^^^^^^^^^^^
  File "C:\Program Files\Python312\Lib\asyncio\runners.py", line 118, in run
    return self._loop.run_until_complete(task)
           ^^^^^^^^^^^^^^^^^^^^^^^^^^^^^^^^^^^
  File "C:\Program Files\Python312\Lib\asyncio\base_events.py", line 664, in run_until_complete
    return future.result()
           ^^^^^^^^^^^^^^^
  File "C:\Users\Owner\Documents\ClaudeHackNJIT\heirbloom\.venv\Lib\site-packages\uvicorn\server.py", line 69, in serve
    await self._serve(sockets)
  File "C:\Users\Owner\Documents\ClaudeHackNJIT\heirbloom\.venv\Lib\site-packages\uvicorn\server.py", line 76, in _serve
    config.load()
  File "C:\Users\Owner\Documents\ClaudeHackNJIT\heirbloom\.venv\Lib\site-packages\uvicorn\config.py", line 434, in load
    self.loaded_app = import_from_string(self.app)
                      ^^^^^^^^^^^^^^^^^^^^^^^^^^^^
  File "C:\Users\Owner\Documents\ClaudeHackNJIT\heirbloom\.venv\Lib\site-packages\uvicorn\importer.py", line 22, in import_from_string
    raise exc from None
  File "C:\Users\Owner\Documents\ClaudeHackNJIT\heirbloom\.venv\Lib\site-packages\uvicorn\importer.py", line 19, in import_from_string
    module = importlib.import_module(module_str)
             ^^^^^^^^^^^^^^^^^^^^^^^^^^^^^^^^^^^
  File "C:\Program Files\Python312\Lib\importlib\__init__.py", line 90, in import_module
    return _bootstrap._gcd_import(name[level:], package, level)
           ^^^^^^^^^^^^^^^^^^^^^^^^^^^^^^^^^^^^^^^^^^^^^^^^^^^^
  File "<frozen importlib._bootstrap>", line 1381, in _gcd_import
  File "<frozen importlib._bootstrap>", line 1354, in _find_and_load
  File "<frozen importlib._bootstrap>", line 1325, in _find_and_load_unlocked
  File "<frozen importlib._bootstrap>", line 929, in _load_unlocked
  File "<frozen importlib._bootstrap_external>", line 994, in exec_module
  File "<frozen importlib._bootstrap>", line 488, in _call_with_frames_removed
  File "C:\Users\Owner\Documents\ClaudeHackNJIT\heirbloom\server\main.py", line 16, in <module>
    from . import db, pricing, rate_limit
  File "C:\Users\Owner\Documents\ClaudeHackNJIT\heirbloom\server\db.py", line 31, in <module>
    engine = _build_engine()
             ^^^^^^^^^^^^^^^
  File "C:\Users\Owner\Documents\ClaudeHackNJIT\heirbloom\server\db.py", line 25, in _build_engine
    return create_engine(DATABASE_URL, future=True, pool_pre_ping=True)
           ^^^^^^^^^^^^^^^^^^^^^^^^^^^^^^^^^^^^^^^^^^^^^^^^^^^^^^^^^^^^
  File "<string>", line 2, in create_engine
  File "C:\Users\Owner\Documents\ClaudeHackNJIT\heirbloom\.venv\Lib\site-packages\sqlalchemy\util\deprecations.py", line 281, in warned
    return fn(*args, **kwargs)  # type: ignore[no-any-return]
           ^^^^^^^^^^^^^^^^^^^
  File "C:\Users\Owner\Documents\ClaudeHackNJIT\heirbloom\.venv\Lib\site-packages\sqlalchemy\engine\create.py", line 602, in create_engine
    dbapi = dbapi_meth(**dbapi_args)
            ^^^^^^^^^^^^^^^^^^^^^^^^
  File "C:\Users\Owner\Documents\ClaudeHackNJIT\heirbloom\.venv\Lib\site-packages\sqlalchemy\dialects\postgresql\psycopg2.py", line 696, in import_dbapi
    import psycopg2
ModuleNotFoundError: No module named 'psycopg2'
